Arguments: 
  C:\Program Files\nodejs\node.exe C:\Users\George\AppData\Roaming\npm\node_modules\yarn\bin\yarn.js global add tslint

PATH: 
  C:\Program Files\Common Files\Oracle\Java\javapath;C:\Program Files (x86)\Common Files\Oracle\Java\javapath;C:\Windows\system32;C:\Windows;C:\Windows\System32\Wbem;C:\Windows\System32\WindowsPowerShell\v1.0\;C:\Windows\System32\OpenSSH\;C:\Program Files\nodejs\;C:\Program Files\PuTTY\;C:\Program Files\Git\cmd;C:\Program Files\Docker\Docker\resources\bin;C:\ProgramData\DockerDesktop\version-bin;C:\Users\George\AppData\Local\Microsoft\WindowsApps;C:\Users\George\AppData\Roaming\npm;C:\Users\George\AppData\Local\Programs\Microsoft VS Code\bin;C:\Users\George\AppData\Local\Google\Cloud SDK\google-cloud-sdk\bin

Yarn version: 
  1.22.17

Node version: 
  16.13.0

Platform: 
  win32 x64

Trace: 
  SyntaxError: F:\Documents\Projects\templates\ts-node-express\package.json: Unexpected token / in JSON at position 284
      at JSON.parse (<anonymous>)
      at C:\Users\George\AppData\Roaming\npm\node_modules\yarn\lib\cli.js:1625:59
      at Generator.next (<anonymous>)
      at step (C:\Users\George\AppData\Roaming\npm\node_modules\yarn\lib\cli.js:310:30)
      at C:\Users\George\AppData\Roaming\npm\node_modules\yarn\lib\cli.js:321:13

npm manifest: 
  {
    "name": "ts-node-express",
    "version": "1.0.0",
    "description": "",
    "main": "index.js",
    "scripts": {
      "start:gulp": "npm-run-all gulp start",
      "gulp": "gulp",
      "start": "node ./dist/app.js",
      "dev": "nodemon --watch src -e ts,ejs --exec npm run start:gulp",
      // "webpack":"webpack",
      "test": "echo \"Error: no test specified\" && exit 1"
    },
    "keywords": [],
    "author": "George Voutyras",
    "license": "ISC",
    "dependencies": {
      "ejs": "^3.1.6",
      "express": "^4.17.1",
      "express-ejs-layouts": "^2.5.1",
      "path": "^0.12.7",
      "tslint": "^6.1.3"
    },
    "devDependencies": {
      "@types/express": "^4.17.13",
      "@types/express-ejs-layouts": "^2.5.0",
      "@types/node": "^16.11.10",
      "del": "^6.0.0",
      "gulp": "^4.0.2",
      "gulp-typescript": "^6.0.0-alpha.1",
      "npm-run-all": "^4.1.5",
      "ts-node": "^10.4.0",
      "typescript": "^4.5.2",
      "webpack": "^5.64.4",
      "webpack-cli": "^4.9.1"
    }
  }

yarn manifest: 
  No manifest

Lockfile: 
  No lockfile
